<?xml version="1.0" encoding="utf-8"?><testsuites name="pytest tests"><testsuite name="pytest" errors="0" failures="0" skipped="0" tests="34" time="5.198" timestamp="2026-05-04T18:56:52.671155+00:00" hostname="agent-env-4da656b1-71d5-4093-aaf0-6cc02c0a380e"><testcase classname="backend.tests.backend_test.TestHealth" name="test_health_ok" time="0.226" /><testcase classname="backend.tests.backend_test.TestAuth" name="test_login_success" time="0.297" /><testcase classname="backend.tests.backend_test.TestAuth" name="test_login_wrong_password" time="0.062" /><testcase classname="backend.tests.backend_test.TestAuth" name="test_me_requires_token" time="0.070" /><testcase classname="backend.tests.backend_test.TestAuth" name="test_me_with_invalid_token" time="0.071" /><testcase classname="backend.tests.backend_test.TestAuth" name="test_me_with_token" time="0.352" /><testcase classname="backend.tests.backend_test.TestAuth" name="test_logout" time="0.061" /><testcase classname="backend.tests.backend_test.TestAuth" name="test_logout_no_auth" time="0.061" /><testcase classname="backend.tests.backend_test.TestDashboard" name="test_stats" time="0.068" /><testcase classname="backend.tests.backend_test.TestTransactions" name="test_list" time="0.097" /><testcase classname="backend.tests.backend_test.TestTransactions" name="test_filter_fraud" time="0.074" /><testcase classname="backend.tests.backend_test.TestTransactions" name="test_search" time="0.222" /><testcase classname="backend.tests.backend_test.TestTransactions" name="test_amount_range" time="0.089" /><testcase classname="backend.tests.backend_test.TestTransactions" name="test_get_single" time="0.124" /><testcase classname="backend.tests.backend_test.TestTransactions" name="test_get_single_404" time="0.067" /><testcase classname="backend.tests.backend_test.TestTransactions" name="test_no_auth" time="0.062" /><testcase classname="backend.tests.backend_test.TestPredict" name="test_predict_each_model[random_forest]" time="0.091" /><testcase classname="backend.tests.backend_test.TestPredict" name="test_predict_each_model[knn]" time="0.080" /><testcase classname="backend.tests.backend_test.TestPredict" name="test_predict_each_model[logistic_regression]" time="0.064" /><testcase classname="backend.tests.backend_test.TestPredict" name="test_predict_each_model[decision_tree]" time="0.103" /><testcase classname="backend.tests.backend_test.TestPredict" name="test_predict_each_model[svm]" time="0.075" /><testcase classname="backend.tests.backend_test.TestInvalidObjectId" name="test_get_case_invalid_id" time="0.060" /><testcase classname="backend.tests.backend_test.TestInvalidObjectId" name="test_patch_case_invalid_id" time="0.070" /><testcase classname="backend.tests.backend_test.TestInvalidObjectId" name="test_patch_rule_invalid_id" time="0.090" /><testcase classname="backend.tests.backend_test.TestInvalidObjectId" name="test_delete_rule_invalid_id" time="0.062" /><testcase classname="backend.tests.backend_test.TestBruteForceLockout" name="test_lockout_does_not_extend" time="1.444" /><testcase classname="backend.tests.backend_test.TestMLMetrics" name="test_metrics" time="0.075" /><testcase classname="backend.tests.backend_test.TestCases" name="test_list" time="0.076" /><testcase classname="backend.tests.backend_test.TestCases" name="test_filter_status" time="0.061" /><testcase classname="backend.tests.backend_test.TestCases" name="test_create_update_persist" time="0.191" /><testcase classname="backend.tests.backend_test.TestRules" name="test_list" time="0.123" /><testcase classname="backend.tests.backend_test.TestRules" name="test_create_toggle_delete" time="0.276" /><testcase classname="backend.tests.backend_test.TestAudit" name="test_audit_list" time="0.068" /><testcase classname="backend.tests.backend_test.TestLiveFeed" name="test_feed" time="0.064" /></testsuite></testsuites>