<?xml version="1.0" encoding="utf-8"?><testsuites name="pytest tests"><testsuite name="pytest" errors="0" failures="4" skipped="0" tests="29" time="3.695" timestamp="2026-05-04T18:49:41.755777+00:00" hostname="agent-env-4da656b1-71d5-4093-aaf0-6cc02c0a380e"><testcase classname="backend.tests.backend_test.TestHealth" name="test_health_ok" time="0.302" /><testcase classname="backend.tests.backend_test.TestAuth" name="test_login_success" time="0.302" /><testcase classname="backend.tests.backend_test.TestAuth" name="test_login_wrong_password" time="0.056" /><testcase classname="backend.tests.backend_test.TestAuth" name="test_me_requires_token" time="0.055" /><testcase classname="backend.tests.backend_test.TestAuth" name="test_me_with_invalid_token" time="0.084" /><testcase classname="backend.tests.backend_test.TestAuth" name="test_me_with_token" time="0.582" /><testcase classname="backend.tests.backend_test.TestAuth" name="test_logout" time="0.096" /><testcase classname="backend.tests.backend_test.TestAuth" name="test_logout_no_auth" time="0.085" /><testcase classname="backend.tests.backend_test.TestDashboard" name="test_stats" time="0.093" /><testcase classname="backend.tests.backend_test.TestTransactions" name="test_list" time="0.226" /><testcase classname="backend.tests.backend_test.TestTransactions" name="test_filter_fraud" time="0.069" /><testcase classname="backend.tests.backend_test.TestTransactions" name="test_search" time="0.112" /><testcase classname="backend.tests.backend_test.TestTransactions" name="test_amount_range" time="0.089" /><testcase classname="backend.tests.backend_test.TestTransactions" name="test_get_single" time="0.099" /><testcase classname="backend.tests.backend_test.TestTransactions" name="test_get_single_404" time="0.065" /><testcase classname="backend.tests.backend_test.TestTransactions" name="test_no_auth" time="0.053" /><testcase classname="backend.tests.backend_test.TestPredict" name="test_predict_each_model[random_forest]" time="0.065" /><testcase classname="backend.tests.backend_test.TestPredict" name="test_predict_each_model[knn]" time="0.067"><failure message="assert 0 &gt;= 1&#10; +  where 0 = len([])">backend/tests/backend_test.py:206: in test_predict_each_model
    assert len(d["explanations"]) &gt;= 1
E   assert 0 &gt;= 1
E    +  where 0 = len([])</failure></testcase><testcase classname="backend.tests.backend_test.TestPredict" name="test_predict_each_model[logistic_regression]" time="0.060"><failure message="assert 0 &gt;= 1&#10; +  where 0 = len([])">backend/tests/backend_test.py:206: in test_predict_each_model
    assert len(d["explanations"]) &gt;= 1
E   assert 0 &gt;= 1
E    +  where 0 = len([])</failure></testcase><testcase classname="backend.tests.backend_test.TestPredict" name="test_predict_each_model[decision_tree]" time="0.051"><failure message="assert 0 &gt;= 1&#10; +  where 0 = len([])">backend/tests/backend_test.py:206: in test_predict_each_model
    assert len(d["explanations"]) &gt;= 1
E   assert 0 &gt;= 1
E    +  where 0 = len([])</failure></testcase><testcase classname="backend.tests.backend_test.TestPredict" name="test_predict_each_model[svm]" time="0.052"><failure message="assert 0 &gt;= 1&#10; +  where 0 = len([])">backend/tests/backend_test.py:206: in test_predict_each_model
    assert len(d["explanations"]) &gt;= 1
E   assert 0 &gt;= 1
E    +  where 0 = len([])</failure></testcase><testcase classname="backend.tests.backend_test.TestMLMetrics" name="test_metrics" time="0.069" /><testcase classname="backend.tests.backend_test.TestCases" name="test_list" time="0.059" /><testcase classname="backend.tests.backend_test.TestCases" name="test_filter_status" time="0.053" /><testcase classname="backend.tests.backend_test.TestCases" name="test_create_update_persist" time="0.188" /><testcase classname="backend.tests.backend_test.TestRules" name="test_list" time="0.052" /><testcase classname="backend.tests.backend_test.TestRules" name="test_create_toggle_delete" time="0.228" /><testcase classname="backend.tests.backend_test.TestAudit" name="test_audit_list" time="0.058" /><testcase classname="backend.tests.backend_test.TestLiveFeed" name="test_feed" time="0.052" /></testsuite></testsuites>